<?xml version="1.0" encoding="UTF-8"?>
<!-- Generated by org.testng.reporters.JUnitReportReporter -->
<testsuite hostname="Pyroferus-PC" name="school.holidays" tests="8" failures="0" timestamp="28 Aug 2017 09:41:02 GMT" time="293.398" errors="0">
  <testcase name="jun" time="0.113" classname="school.holidays"/>
  <testcase name="mar" time="40.645" classname="school.holidays"/>
  <testcase name="jan" time="41.380" classname="school.holidays"/>
  <testcase name="dec" time="40.594" classname="school.holidays"/>
  <testcase name="bfr" time="48.166" classname="school.holidays"/>
  <testcase name="aug" time="40.962" classname="school.holidays"/>
  <testcase name="sep" time="40.885" classname="school.holidays"/>
  <testcase name="oct" time="40.653" classname="school.holidays"/>
</testsuite> <!-- school.holidays -->
