<?xml version="1.0" encoding="UTF-8"?>
<!-- Generated by org.testng.reporters.JUnitReportReporter -->
<testsuite hostname="Pyroferus-PC" name="school.calendar2" tests="2" failures="0" timestamp="8 Sep 2017 13:24:51 GMT" time="53.547" errors="0">
  <testcase name="bfr" time="51.601" classname="school.calendar2"/>
  <testcase name="jan_holiday" time="1.946" classname="school.calendar2"/>
</testsuite> <!-- school.calendar2 -->
