<?xml version="1.0" encoding="UTF-8"?>
<!-- Generated by org.testng.reporters.JUnitReportReporter -->
<testsuite hostname="Pyroferus-PC" name="school.calendar1" tests="3" failures="0" timestamp="28 Aug 2017 06:55:34 GMT" time="84.317" errors="0">
  <testcase name="bfr" time="73.110" classname="school.calendar1"/>
  <testcase name="dec_holiday" time="6.505" classname="school.calendar1"/>
  <testcase name="oct_holiday" time="4.702" classname="school.calendar1"/>
</testsuite> <!-- school.calendar1 -->
